{
  "stats": {
    "suites": 1,
    "tests": 0,
    "passes": 0,
    "pending": 0,
    "failures": 0,
    "start": "2021-02-26T02:52:37.708Z",
    "end": "2021-02-26T02:52:37.720Z",
    "duration": 12,
    "testsRegistered": 2,
    "passPercent": 0,
    "pendingPercent": 0,
    "other": 2,
    "hasOther": true,
    "skipped": 2,
    "hasSkipped": true,
    "passPercentClass": "danger",
    "pendingPercentClass": "danger"
  },
  "suites": {
    "uuid": "b42f3a6d-8233-456e-a82c-ef846de2f97f",
    "title": "",
    "fullFile": "",
    "file": "",
    "beforeHooks": [],
    "afterHooks": [],
    "tests": [],
    "suites": [
      {
        "uuid": "94f544c0-001c-403c-9540-ee579f7b9407",
        "title": "Google search automated testing",
        "fullFile": "/home/tcm/workspace/Automation-With-Selenium-And-Node.js/test/homePage.test.js",
        "file": "/test/homePage.test.js",
        "beforeHooks": [
          {
            "title": "\"before each\" hook for \"find the input box and google search button\"",
            "fullTitle": "Google search automated testing \"before each\" hook for \"find the input box and google search button\"",
            "timedOut": false,
            "duration": 2,
            "state": "failed",
            "pass": false,
            "fail": true,
            "pending": false,
            "code": "page = new Page();\ndriver = page.driver;\nawait page.visit('http://localhost:8003/?apiKey=72120eb0-a008-11ea-8138-e31af9d13021');",
            "err": {
              "message": "Error: The ChromeDriver could not be found on the current PATH. Please download the latest version of the ChromeDriver from http://chromedriver.storage.googleapis.com/index.html and ensure it can be found on your PATH.",
              "estack": "Error: The ChromeDriver could not be found on the current PATH. Please download the latest version of the ChromeDriver from http://chromedriver.storage.googleapis.com/index.html and ensure it can be found on your PATH.\n    at new ServiceBuilder (node_modules/selenium-webdriver/chrome.js:173:13)\n    at Function.getDefaultService (node_modules/selenium-webdriver/chrome.js:212:22)\n    at Function.createSession (node_modules/selenium-webdriver/chromium.js:582:49)\n    at Function.createSession (node_modules/selenium-webdriver/chrome.js:289:41)\n    at createDriver (node_modules/selenium-webdriver/index.js:155:33)\n    at Builder.build (node_modules/selenium-webdriver/index.js:662:16)\n    at new Page (lib/basePage.js:14:10)\n    at Context.beforeEach (test/homePage.test.js:18:24)"
            },
            "isRoot": false,
            "uuid": "b0982c62-b0a4-4dd8-ac33-e6b7756fa815",
            "isHook": true,
            "skipped": false
          }
        ],
        "afterHooks": [
          {
            "title": "\"after each\" hook for \"find the input box and google search button\"",
            "fullTitle": "Google search automated testing \"after each\" hook for \"find the input box and google search button\"",
            "timedOut": false,
            "duration": 0,
            "state": "failed",
            "pass": false,
            "fail": true,
            "pending": false,
            "code": "await page.quit();",
            "err": {
              "message": "TypeError: Cannot read property 'quit' of undefined",
              "estack": "TypeError: Cannot read property 'quit' of undefined\n    at Context.afterEach (test/homePage.test.js:24:28)"
            },
            "isRoot": false,
            "uuid": "d4f45e11-dd56-4be9-bb5c-b4f838483387",
            "isHook": true,
            "skipped": false
          }
        ],
        "tests": [
          {
            "title": "find the input box and google search button",
            "fullTitle": "Google search automated testing find the input box and google search button",
            "timedOut": false,
            "duration": 0,
            "pass": false,
            "fail": false,
            "pending": false,
            "code": "const result = await page.findInputAndButton();\nexpect(result.inputEnabled).to.equal(true);\nexpect(result.buttonText).to.include('Google');",
            "err": {},
            "isRoot": false,
            "uuid": "8b4c64f6-556e-4385-bd00-5ff53c5b43d5",
            "isHook": false,
            "skipped": true
          },
          {
            "title": "put keyword in search box and click search button",
            "fullTitle": "Google search automated testing put keyword in search box and click search button",
            "timedOut": false,
            "duration": 0,
            "pass": false,
            "fail": false,
            "pending": false,
            "code": "const result = await page.submitKeywordAndGetResult();\nexpect(result.length).to.be.above(10);",
            "err": {},
            "isRoot": false,
            "uuid": "9240aaaf-2737-4ae0-b122-c2259089200c",
            "isHook": false,
            "skipped": true
          }
        ],
        "suites": [],
        "passes": [],
        "failures": [],
        "pending": [],
        "skipped": [
          "8b4c64f6-556e-4385-bd00-5ff53c5b43d5",
          "9240aaaf-2737-4ae0-b122-c2259089200c"
        ],
        "duration": null,
        "root": false,
        "rootEmpty": false,
        "_timeout": 50000
      }
    ],
    "passes": [],
    "failures": [],
    "pending": [],
    "skipped": [],
    "duration": 0,
    "root": true,
    "rootEmpty": true,
    "_timeout": 2000
  },
  "copyrightYear": 2021
}